<?xml version="1.0" encoding="UTF-8"?>
<testsuite xmlns:xsi="http://www.w3.org/2001/XMLSchema-instance" xsi:noNamespaceSchemaLocation="https://maven.apache.org/surefire/maven-surefire-plugin/xsd/surefire-test-report-3.0.xsd" version="3.0" name="com.walit.lifeServer.TestServer" time="1.824" tests="8" errors="0" skipped="0" failures="0">
  <properties>
    <property name="java.specification.version" value="21"/>
    <property name="sun.jnu.encoding" value="UTF-8"/>
    <property name="java.class.path" value="/home/walitsnb/Github/ConwaysGameOfLife/Java/Server/target/test-classes:/home/walitsnb/Github/ConwaysGameOfLife/Java/Server/target/classes:/home/walitsnb/.m2/repository/junit/junit/4.13.2/junit-4.13.2.jar:/home/walitsnb/.m2/repository/org/hamcrest/hamcrest-core/1.3/hamcrest-core-1.3.jar:/home/walitsnb/.m2/repository/org/mockito/mockito-core/5.10.0/mockito-core-5.10.0.jar:/home/walitsnb/.m2/repository/net/bytebuddy/byte-buddy/1.14.11/byte-buddy-1.14.11.jar:/home/walitsnb/.m2/repository/net/bytebuddy/byte-buddy-agent/1.14.11/byte-buddy-agent-1.14.11.jar:/home/walitsnb/.m2/repository/org/objenesis/objenesis/3.3/objenesis-3.3.jar:/home/walitsnb/.m2/repository/org/hamcrest/hamcrest/2.2/hamcrest-2.2.jar:/home/walitsnb/.m2/repository/jakarta/mail/jakarta.mail-api/2.0.1/jakarta.mail-api-2.0.1.jar:/home/walitsnb/.m2/repository/com/sun/mail/jakarta.mail/2.0.1/jakarta.mail-2.0.1.jar:/home/walitsnb/.m2/repository/com/sun/activation/jakarta.activation/2.0.1/jakarta.activation-2.0.1.jar:"/>
    <property name="java.vm.vendor" value="Arch Linux"/>
    <property name="sun.arch.data.model" value="64"/>
    <property name="java.vendor.url" value="https://openjdk.org/"/>
    <property name="os.name" value="Linux"/>
    <property name="java.vm.specification.version" value="21"/>
    <property name="sun.java.launcher" value="SUN_STANDARD"/>
    <property name="user.country" value="US"/>
    <property name="sun.boot.library.path" value="/usr/lib/jvm/java-21-openjdk/lib"/>
    <property name="sun.java.command" value="/home/walitsnb/Github/ConwaysGameOfLife/Java/Server/target/surefire/surefirebooter-20240802212406197_3.jar /home/walitsnb/Github/ConwaysGameOfLife/Java/Server/target/surefire 2024-08-02T21-24-06_146-jvmRun1 surefire-20240802212406197_1tmp surefire_0-20240802212406197_2tmp"/>
    <property name="jdk.debug" value="release"/>
    <property name="surefire.test.class.path" value="/home/walitsnb/Github/ConwaysGameOfLife/Java/Server/target/test-classes:/home/walitsnb/Github/ConwaysGameOfLife/Java/Server/target/classes:/home/walitsnb/.m2/repository/junit/junit/4.13.2/junit-4.13.2.jar:/home/walitsnb/.m2/repository/org/hamcrest/hamcrest-core/1.3/hamcrest-core-1.3.jar:/home/walitsnb/.m2/repository/org/mockito/mockito-core/5.10.0/mockito-core-5.10.0.jar:/home/walitsnb/.m2/repository/net/bytebuddy/byte-buddy/1.14.11/byte-buddy-1.14.11.jar:/home/walitsnb/.m2/repository/net/bytebuddy/byte-buddy-agent/1.14.11/byte-buddy-agent-1.14.11.jar:/home/walitsnb/.m2/repository/org/objenesis/objenesis/3.3/objenesis-3.3.jar:/home/walitsnb/.m2/repository/org/hamcrest/hamcrest/2.2/hamcrest-2.2.jar:/home/walitsnb/.m2/repository/jakarta/mail/jakarta.mail-api/2.0.1/jakarta.mail-api-2.0.1.jar:/home/walitsnb/.m2/repository/com/sun/mail/jakarta.mail/2.0.1/jakarta.mail-2.0.1.jar:/home/walitsnb/.m2/repository/com/sun/activation/jakarta.activation/2.0.1/jakarta.activation-2.0.1.jar:"/>
    <property name="sun.cpu.endian" value="little"/>
    <property name="user.home" value="/home/walitsnb"/>
    <property name="user.language" value="en"/>
    <property name="java.specification.vendor" value="Oracle Corporation"/>
    <property name="java.version.date" value="2024-07-16"/>
    <property name="java.home" value="/usr/lib/jvm/java-21-openjdk"/>
    <property name="file.separator" value="/"/>
    <property name="basedir" value="/home/walitsnb/Github/ConwaysGameOfLife/Java/Server"/>
    <property name="java.vm.compressedOopsMode" value="Zero based"/>
    <property name="line.separator" value="&#10;"/>
    <property name="java.specification.name" value="Java Platform API Specification"/>
    <property name="java.vm.specification.vendor" value="Oracle Corporation"/>
    <property name="surefire.real.class.path" value="/home/walitsnb/Github/ConwaysGameOfLife/Java/Server/target/surefire/surefirebooter-20240802212406197_3.jar"/>
    <property name="sun.management.compiler" value="HotSpot 64-Bit Tiered Compilers"/>
    <property name="java.runtime.version" value="21.0.4+7"/>
    <property name="user.name" value="walitsnb"/>
    <property name="stdout.encoding" value="UTF-8"/>
    <property name="path.separator" value=":"/>
    <property name="os.version" value="6.10.2-arch1-1"/>
    <property name="java.runtime.name" value="OpenJDK Runtime Environment"/>
    <property name="file.encoding" value="UTF-8"/>
    <property name="java.vm.name" value="OpenJDK 64-Bit Server VM"/>
    <property name="localRepository" value="/home/walitsnb/.m2/repository"/>
    <property name="java.vendor.url.bug" value="https://bugreport.java.com/bugreport/"/>
    <property name="java.io.tmpdir" value="/tmp"/>
    <property name="java.version" value="21.0.4"/>
    <property name="user.dir" value="/home/walitsnb/Github/ConwaysGameOfLife/Java/Server"/>
    <property name="os.arch" value="amd64"/>
    <property name="java.vm.specification.name" value="Java Virtual Machine Specification"/>
    <property name="native.encoding" value="UTF-8"/>
    <property name="java.library.path" value="/usr/java/packages/lib:/usr/lib64:/lib64:/lib:/usr/lib"/>
    <property name="java.vm.info" value="mixed mode, sharing"/>
    <property name="stderr.encoding" value="UTF-8"/>
    <property name="java.vendor" value="Arch Linux"/>
    <property name="java.vm.version" value="21.0.4+7"/>
    <property name="sun.io.unicode.encoding" value="UnicodeLittle"/>
    <property name="java.class.version" value="65.0"/>
  </properties>
  <testcase name="testRandomFrameGeneration" classname="com.walit.lifeServer.TestServer" time="1.778">
    <system-err><![CDATA[WARNING: A Java agent has been loaded dynamically (/home/walitsnb/.m2/repository/net/bytebuddy/byte-buddy-agent/1.14.11/byte-buddy-agent-1.14.11.jar)
WARNING: If a serviceability tool is in use, please run with -XX:+EnableDynamicAgentLoading to hide this warning
WARNING: If a serviceability tool is not in use, please run with -Djdk.instrument.traceUsage for more information
WARNING: Dynamic loading of agents will be disallowed by default in a future release
]]></system-err>
  </testcase>
  <testcase name="testSpeedCheck" classname="com.walit.lifeServer.TestServer" time="0.0"/>
  <testcase name="testSerialize" classname="com.walit.lifeServer.TestServer" time="0.002"/>
  <testcase name="testUserCount" classname="com.walit.lifeServer.TestServer" time="0.003">
    <system-out><![CDATA[Current users: 900
Current users: 1500
]]></system-out>
  </testcase>
  <testcase name="testDeserialize" classname="com.walit.lifeServer.TestServer" time="0.0"/>
  <testcase name="testFrameGeneration" classname="com.walit.lifeServer.TestServer" time="0.001"/>
  <testcase name="neighborCountTest" classname="com.walit.lifeServer.TestServer" time="0.001"/>
  <testcase name="testRandomNumberGen" classname="com.walit.lifeServer.TestServer" time="0.002"/>
</testsuite>